<?xml version="1.0" encoding="UTF-8"?>
<testsuite xmlns:xsi="http://www.w3.org/2001/XMLSchema-instance" xsi:noNamespaceSchemaLocation="https://maven.apache.org/surefire/maven-surefire-plugin/xsd/surefire-test-report.xsd" name="TestSuite" time="57.496" tests="2" errors="0" skipped="0" failures="0">
  <properties>
[...]
</properties>
  <testcase name="TC001_SignIn" classname="com.auto.tests.SigninToGmail" time="18.604"/>
  <testcase name="TC002_ReadTheSenderName" classname="com.auto.tests.LoginToGmailandLogout" time="19.802"/>
</testsuite>