<?xml version="1.0" encoding="UTF-8"?>
<testng-results ignored="0" total="2" passed="2" failed="0" skipped="0">
  <reporter-output>
    <line>
      <![CDATA[User logged in]]>
    </line>
  </reporter-output>
  <suite started-at="2023-05-06T11:55:12 IST" name="TestNg Tutorials" finished-at="2023-05-06T11:56:07 IST" duration-ms="54554">
    <groups>
    </groups>
    <test started-at="2023-05-06T11:55:12 IST" name="Test" finished-at="2023-05-06T11:56:07 IST" duration-ms="54554">
      <class name="com.auto.tests.LoginToGmailandLogout">
        <test-method is-config="true" signature="setUp(java.lang.String)[pri:0, instance:com.auto.tests.LoginToGmailandLogout@5b64c4b7]" started-at="2023-05-06T11:55:40 IST" name="setUp" finished-at="2023-05-06T11:55:46 IST" duration-ms="6439" status="PASS">
          <params>
            <param index="0">
              <value>
                <![CDATA[chrome]]>
              </value>
            </param>
          </params>
          <reporter-output>
          </reporter-output>
        </test-method> <!-- setUp -->
        <test-method signature="TC002_ReadTheSenderName()[pri:0, instance:com.auto.tests.LoginToGmailandLogout@5b64c4b7]" started-at="2023-05-06T11:55:46 IST" name="TC002_ReadTheSenderName" finished-at="2023-05-06T11:56:06 IST" duration-ms="19804" status="PASS">
          <reporter-output>
          </reporter-output>
        </test-method> <!-- TC002_ReadTheSenderName -->
        <test-method is-config="true" signature="teardown()[pri:0, instance:com.auto.tests.LoginToGmailandLogout@5b64c4b7]" started-at="2023-05-06T11:56:06 IST" name="teardown" finished-at="2023-05-06T11:56:07 IST" duration-ms="896" status="PASS">
          <reporter-output>
          </reporter-output>
        </test-method> <!-- teardown -->
      </class> <!-- com.auto.tests.LoginToGmailandLogout -->
      <class name="com.auto.tests.SigninToGmail">
        <test-method is-config="true" signature="setUp(java.lang.String)[pri:0, instance:com.auto.tests.SigninToGmail@2b43529a]" started-at="2023-05-06T11:55:13 IST" name="setUp" finished-at="2023-05-06T11:55:21 IST" duration-ms="7854" status="PASS">
          <params>
            <param index="0">
              <value>
                <![CDATA[chrome]]>
              </value>
            </param>
          </params>
          <reporter-output>
          </reporter-output>
        </test-method> <!-- setUp -->
        <test-method signature="TC001_SignIn()[pri:0, instance:com.auto.tests.SigninToGmail@2b43529a]" started-at="2023-05-06T11:55:21 IST" name="TC001_SignIn" finished-at="2023-05-06T11:55:39 IST" duration-ms="18577" status="PASS">
          <reporter-output>
            <line>
              <![CDATA[User logged in]]>
            </line>
          </reporter-output>
        </test-method> <!-- TC001_SignIn -->
        <test-method is-config="true" signature="teardown()[pri:0, instance:com.auto.tests.SigninToGmail@2b43529a]" started-at="2023-05-06T11:55:39 IST" name="teardown" finished-at="2023-05-06T11:55:40 IST" duration-ms="475" status="PASS">
          <reporter-output>
          </reporter-output>
        </test-method> <!-- teardown -->
      </class> <!-- com.auto.tests.SigninToGmail -->
    </test> <!-- Test -->
  </suite> <!-- TestNg Tutorials -->
</testng-results>
